This file contains any messages produced by compilers while
running configure, to aid debugging if configure makes a mistake.

It was created by mochad configure 0.1.16, which was
generated by GNU Autoconf 2.65.  Invocation command line was

  $ ./configure 

## --------- ##
## Platform. ##
## --------- ##

hostname = vert
uname -m = armv7l
uname -r = 4.19.97-v7+
uname -s = Linux
uname -v = #1294 SMP Thu Jan 30 13:15:58 GMT 2020

/usr/bin/uname -p = unknown
/bin/uname -X     = unknown

/bin/arch              = unknown
/usr/bin/arch -k       = unknown
/usr/convex/getsysinfo = unknown
/usr/bin/hostinfo      = unknown
/bin/machine           = unknown
/usr/bin/oslevel       = unknown
/bin/universe          = unknown

PATH: /home/pi/.local/bin
PATH: /usr/local/sbin
PATH: /usr/local/bin
PATH: /usr/sbin
PATH: /usr/bin
PATH: /sbin
PATH: /bin
PATH: /usr/local/games
PATH: /usr/games


## ----------- ##
## Core tests. ##
## ----------- ##

configure:2250: checking for a BSD-compatible install
configure:2318: result: /usr/bin/install -c
configure:2329: checking whether build environment is sane
configure:2379: result: yes
configure:2520: checking for a thread-safe mkdir -p
configure:2559: result: /bin/mkdir -p
configure:2572: checking for gawk
configure:2602: result: no
configure:2572: checking for mawk
configure:2588: found /usr/bin/mawk
configure:2599: result: mawk
configure:2610: checking whether make sets $(MAKE)
configure:2632: result: yes
configure:2762: checking for gcc
configure:2778: found /usr/bin/gcc
configure:2789: result: gcc
configure:3018: checking for C compiler version
configure:3027: gcc --version >&5
gcc (Raspbian 8.3.0-6+rpi1) 8.3.0
Copyright (C) 2018 Free Software Foundation, Inc.
This is free software; see the source for copying conditions.  There is NO
warranty; not even for MERCHANTABILITY or FITNESS FOR A PARTICULAR PURPOSE.

configure:3038: $? = 0
configure:3027: gcc -v >&5
Using built-in specs.
COLLECT_GCC=gcc
COLLECT_LTO_WRAPPER=/usr/lib/gcc/arm-linux-gnueabihf/8/lto-wrapper
Target: arm-linux-gnueabihf
Configured with: ../src/configure -v --with-pkgversion='Raspbian 8.3.0-6+rpi1' --with-bugurl=file:///usr/share/doc/gcc-8/README.Bugs --enable-languages=c,ada,c++,go,d,fortran,objc,obj-c++ --prefix=/usr --with-gcc-major-version-only --program-suffix=-8 --program-prefix=arm-linux-gnueabihf- --enable-shared --enable-linker-build-id --libexecdir=/usr/lib --without-included-gettext --enable-threads=posix --libdir=/usr/lib --enable-nls --enable-bootstrap --enable-clocale=gnu --enable-libstdcxx-debug --enable-libstdcxx-time=yes --with-default-libstdcxx-abi=new --enable-gnu-unique-object --disable-libitm --disable-libquadmath --disable-libquadmath-support --enable-plugin --with-system-zlib --with-target-system-zlib --enable-objc-gc=auto --enable-multiarch --disable-sjlj-exceptions --with-arch=armv6 --with-fpu=vfp --with-float=hard --disable-werror --enable-checking=release --build=arm-linux-gnueabihf --host=arm-linux-gnueabihf --target=arm-linux-gnueabihf
Thread model: posix
gcc version 8.3.0 (Raspbian 8.3.0-6+rpi1) 
configure:3038: $? = 0
configure:3027: gcc -V >&5
gcc: error: unrecognized command line option '-V'
gcc: fatal error: no input files
compilation terminated.
configure:3038: $? = 1
configure:3027: gcc -qversion >&5
gcc: error: unrecognized command line option '-qversion'; did you mean '--version'?
gcc: fatal error: no input files
compilation terminated.
configure:3038: $? = 1
configure:3058: checking whether the C compiler works
configure:3080: gcc    conftest.c  >&5
configure:3084: $? = 0
configure:3133: result: yes
configure:3136: checking for C compiler default output file name
configure:3138: result: a.out
configure:3144: checking for suffix of executables
configure:3151: gcc -o conftest    conftest.c  >&5
configure:3155: $? = 0
configure:3177: result: 
configure:3199: checking whether we are cross compiling
configure:3207: gcc -o conftest    conftest.c  >&5
configure:3211: $? = 0
configure:3218: ./conftest
configure:3222: $? = 0
configure:3210: result: no
configure:3215: checking for suffix of object files
configure:3237: gcc -c   conftest.c >&5
configure:3241: $? = 0
configure:3262: result: o
configure:3266: checking whether we are using the GNU C compiler
configure:3285: gcc -c   conftest.c >&5
configure:3285: $? = 0
configure:3294: result: yes
configure:3303: checking whether gcc accepts -g
configure:3323: gcc -c -g  conftest.c >&5
configure:3323: $? = 0
configure:3364: result: yes
configure:3381: checking for gcc option to accept ISO C89
configure:3445: gcc  -c -g -O2  conftest.c >&5
configure:3445: $? = 0
configure:3458: result: none needed
configure:3489: checking for style of include used by make
configure:3517: result: GNU
configure:3542: checking dependency style of gcc
configure:3652: result: gcc3
configure:3668: checking whether make sets $(MAKE)
configure:3690: result: yes
configure:3702: checking for library containing libusb_init
configure:3733: gcc -o conftest -g -O2   conftest.c  >&5
/usr/bin/ld: /tmp/ccy9nSb7.o: in function `main':
/home/pi/greenhouse/mochad-0.1.16/conftest.c:22: undefined reference to `libusb_init'
collect2: error: ld returned 1 exit status
configure:3733: $? = 1
configure: failed program was:
| /* confdefs.h */
| #define PACKAGE_NAME "mochad"
| #define PACKAGE_TARNAME "mochad"
| #define PACKAGE_VERSION "0.1.16"
| #define PACKAGE_STRING "mochad 0.1.16"
| #define PACKAGE_BUGREPORT "mmauka@users.sourceforge.net"
| #define PACKAGE_URL ""
| #define PACKAGE "mochad"
| #define VERSION "0.1.16"
| /* end confdefs.h.  */
| 
| /* Override any GCC internal prototype to avoid an error.
|    Use char because int might match the return type of a GCC
|    builtin and then its argument prototype would still apply.  */
| #ifdef __cplusplus
| extern "C"
| #endif
| char libusb_init ();
| int
| main ()
| {
| return libusb_init ();
|   ;
|   return 0;
| }
configure:3733: gcc -o conftest -g -O2   conftest.c -lusb-1.0   >&5
configure:3733: $? = 0
configure:3750: result: -lusb-1.0
configure:3765: checking how to run the C preprocessor
configure:3796: gcc -E  conftest.c
configure:3796: $? = 0
configure:3810: gcc -E  conftest.c
conftest.c:11:10: fatal error: ac_nonexistent.h: No such file or directory
 #include <ac_nonexistent.h>
          ^~~~~~~~~~~~~~~~~~
compilation terminated.
configure:3810: $? = 1
configure: failed program was:
| /* confdefs.h */
| #define PACKAGE_NAME "mochad"
| #define PACKAGE_TARNAME "mochad"
| #define PACKAGE_VERSION "0.1.16"
| #define PACKAGE_STRING "mochad 0.1.16"
| #define PACKAGE_BUGREPORT "mmauka@users.sourceforge.net"
| #define PACKAGE_URL ""
| #define PACKAGE "mochad"
| #define VERSION "0.1.16"
| /* end confdefs.h.  */
| #include <ac_nonexistent.h>
configure:3835: result: gcc -E
configure:3855: gcc -E  conftest.c
configure:3855: $? = 0
configure:3869: gcc -E  conftest.c
conftest.c:11:10: fatal error: ac_nonexistent.h: No such file or directory
 #include <ac_nonexistent.h>
          ^~~~~~~~~~~~~~~~~~
compilation terminated.
configure:3869: $? = 1
configure: failed program was:
| /* confdefs.h */
| #define PACKAGE_NAME "mochad"
| #define PACKAGE_TARNAME "mochad"
| #define PACKAGE_VERSION "0.1.16"
| #define PACKAGE_STRING "mochad 0.1.16"
| #define PACKAGE_BUGREPORT "mmauka@users.sourceforge.net"
| #define PACKAGE_URL ""
| #define PACKAGE "mochad"
| #define VERSION "0.1.16"
| /* end confdefs.h.  */
| #include <ac_nonexistent.h>
configure:3898: checking for grep that handles long lines and -e
configure:3956: result: /bin/grep
configure:3961: checking for egrep
configure:4023: result: /bin/grep -E
configure:4028: checking for ANSI C header files
configure:4048: gcc -c -g -O2  conftest.c >&5
configure:4048: $? = 0
configure:4121: gcc -o conftest -g -O2   conftest.c -lusb-1.0  >&5
configure:4121: $? = 0
configure:4121: ./conftest
configure:4121: $? = 0
configure:4132: result: yes
configure:4145: checking for sys/types.h
configure:4145: gcc -c -g -O2  conftest.c >&5
configure:4145: $? = 0
configure:4145: result: yes
configure:4145: checking for sys/stat.h
configure:4145: gcc -c -g -O2  conftest.c >&5
configure:4145: $? = 0
configure:4145: result: yes
configure:4145: checking for stdlib.h
configure:4145: gcc -c -g -O2  conftest.c >&5
configure:4145: $? = 0
configure:4145: result: yes
configure:4145: checking for string.h
configure:4145: gcc -c -g -O2  conftest.c >&5
configure:4145: $? = 0
configure:4145: result: yes
configure:4145: checking for memory.h
configure:4145: gcc -c -g -O2  conftest.c >&5
configure:4145: $? = 0
configure:4145: result: yes
configure:4145: checking for strings.h
configure:4145: gcc -c -g -O2  conftest.c >&5
configure:4145: $? = 0
configure:4145: result: yes
configure:4145: checking for inttypes.h
configure:4145: gcc -c -g -O2  conftest.c >&5
configure:4145: $? = 0
configure:4145: result: yes
configure:4145: checking for stdint.h
configure:4145: gcc -c -g -O2  conftest.c >&5
configure:4145: $? = 0
configure:4145: result: yes
configure:4145: checking for unistd.h
configure:4145: gcc -c -g -O2  conftest.c >&5
configure:4145: $? = 0
configure:4145: result: yes
configure:4161: checking fcntl.h usability
configure:4161: gcc -c -g -O2  conftest.c >&5
configure:4161: $? = 0
configure:4161: result: yes
configure:4161: checking fcntl.h presence
configure:4161: gcc -E  conftest.c
configure:4161: $? = 0
configure:4161: result: yes
configure:4161: checking for fcntl.h
configure:4161: result: yes
configure:4161: checking netinet/in.h usability
configure:4161: gcc -c -g -O2  conftest.c >&5
configure:4161: $? = 0
configure:4161: result: yes
configure:4161: checking netinet/in.h presence
configure:4161: gcc -E  conftest.c
configure:4161: $? = 0
configure:4161: result: yes
configure:4161: checking for netinet/in.h
configure:4161: result: yes
configure:4161: checking for stdlib.h
configure:4161: result: yes
configure:4161: checking for string.h
configure:4161: result: yes
configure:4161: checking sys/socket.h usability
configure:4161: gcc -c -g -O2  conftest.c >&5
configure:4161: $? = 0
configure:4161: result: yes
configure:4161: checking sys/socket.h presence
configure:4161: gcc -E  conftest.c
configure:4161: $? = 0
configure:4161: result: yes
configure:4161: checking for sys/socket.h
configure:4161: result: yes
configure:4161: checking syslog.h usability
configure:4161: gcc -c -g -O2  conftest.c >&5
configure:4161: $? = 0
configure:4161: result: yes
configure:4161: checking syslog.h presence
configure:4161: gcc -E  conftest.c
configure:4161: $? = 0
configure:4161: result: yes
configure:4161: checking for syslog.h
configure:4161: result: yes
configure:4161: checking for unistd.h
configure:4161: result: yes
configure:4174: checking for pid_t
configure:4174: gcc -c -g -O2  conftest.c >&5
configure:4174: $? = 0
configure:4174: gcc -c -g -O2  conftest.c >&5
conftest.c: In function 'main':
conftest.c:64:20: error: expected expression before ')' token
 if (sizeof ((pid_t)))
                    ^
configure:4174: $? = 1
configure: failed program was:
| /* confdefs.h */
| #define PACKAGE_NAME "mochad"
| #define PACKAGE_TARNAME "mochad"
| #define PACKAGE_VERSION "0.1.16"
| #define PACKAGE_STRING "mochad 0.1.16"
| #define PACKAGE_BUGREPORT "mmauka@users.sourceforge.net"
| #define PACKAGE_URL ""
| #define PACKAGE "mochad"
| #define VERSION "0.1.16"
| #define STDC_HEADERS 1
| #define HAVE_SYS_TYPES_H 1
| #define HAVE_SYS_STAT_H 1
| #define HAVE_STDLIB_H 1
| #define HAVE_STRING_H 1
| #define HAVE_MEMORY_H 1
| #define HAVE_STRINGS_H 1
| #define HAVE_INTTYPES_H 1
| #define HAVE_STDINT_H 1
| #define HAVE_UNISTD_H 1
| #define HAVE_FCNTL_H 1
| #define HAVE_NETINET_IN_H 1
| #define HAVE_STDLIB_H 1
| #define HAVE_STRING_H 1
| #define HAVE_SYS_SOCKET_H 1
| #define HAVE_SYSLOG_H 1
| #define HAVE_UNISTD_H 1
| /* end confdefs.h.  */
| #include <stdio.h>
| #ifdef HAVE_SYS_TYPES_H
| # include <sys/types.h>
| #endif
| #ifdef HAVE_SYS_STAT_H
| # include <sys/stat.h>
| #endif
| #ifdef STDC_HEADERS
| # include <stdlib.h>
| # include <stddef.h>
| #else
| # ifdef HAVE_STDLIB_H
| #  include <stdlib.h>
| # endif
| #endif
| #ifdef HAVE_STRING_H
| # if !defined STDC_HEADERS && defined HAVE_MEMORY_H
| #  include <memory.h>
| # endif
| # include <string.h>
| #endif
| #ifdef HAVE_STRINGS_H
| # include <strings.h>
| #endif
| #ifdef HAVE_INTTYPES_H
| # include <inttypes.h>
| #endif
| #ifdef HAVE_STDINT_H
| # include <stdint.h>
| #endif
| #ifdef HAVE_UNISTD_H
| # include <unistd.h>
| #endif
| int
| main ()
| {
| if (sizeof ((pid_t)))
| 	    return 0;
|   ;
|   return 0;
| }
configure:4174: result: yes
configure:4185: checking for size_t
configure:4185: gcc -c -g -O2  conftest.c >&5
configure:4185: $? = 0
configure:4185: gcc -c -g -O2  conftest.c >&5
conftest.c: In function 'main':
conftest.c:64:21: error: expected expression before ')' token
 if (sizeof ((size_t)))
                     ^
configure:4185: $? = 1
configure: failed program was:
| /* confdefs.h */
| #define PACKAGE_NAME "mochad"
| #define PACKAGE_TARNAME "mochad"
| #define PACKAGE_VERSION "0.1.16"
| #define PACKAGE_STRING "mochad 0.1.16"
| #define PACKAGE_BUGREPORT "mmauka@users.sourceforge.net"
| #define PACKAGE_URL ""
| #define PACKAGE "mochad"
| #define VERSION "0.1.16"
| #define STDC_HEADERS 1
| #define HAVE_SYS_TYPES_H 1
| #define HAVE_SYS_STAT_H 1
| #define HAVE_STDLIB_H 1
| #define HAVE_STRING_H 1
| #define HAVE_MEMORY_H 1
| #define HAVE_STRINGS_H 1
| #define HAVE_INTTYPES_H 1
| #define HAVE_STDINT_H 1
| #define HAVE_UNISTD_H 1
| #define HAVE_FCNTL_H 1
| #define HAVE_NETINET_IN_H 1
| #define HAVE_STDLIB_H 1
| #define HAVE_STRING_H 1
| #define HAVE_SYS_SOCKET_H 1
| #define HAVE_SYSLOG_H 1
| #define HAVE_UNISTD_H 1
| /* end confdefs.h.  */
| #include <stdio.h>
| #ifdef HAVE_SYS_TYPES_H
| # include <sys/types.h>
| #endif
| #ifdef HAVE_SYS_STAT_H
| # include <sys/stat.h>
| #endif
| #ifdef STDC_HEADERS
| # include <stdlib.h>
| # include <stddef.h>
| #else
| # ifdef HAVE_STDLIB_H
| #  include <stdlib.h>
| # endif
| #endif
| #ifdef HAVE_STRING_H
| # if !defined STDC_HEADERS && defined HAVE_MEMORY_H
| #  include <memory.h>
| # endif
| # include <string.h>
| #endif
| #ifdef HAVE_STRINGS_H
| # include <strings.h>
| #endif
| #ifdef HAVE_INTTYPES_H
| # include <inttypes.h>
| #endif
| #ifdef HAVE_STDINT_H
| # include <stdint.h>
| #endif
| #ifdef HAVE_UNISTD_H
| # include <unistd.h>
| #endif
| int
| main ()
| {
| if (sizeof ((size_t)))
| 	    return 0;
|   ;
|   return 0;
| }
configure:4185: result: yes
configure:4196: checking for uint16_t
configure:4196: gcc -c -g -O2  conftest.c >&5
configure:4196: $? = 0
configure:4196: result: yes
configure:4208: checking for uint8_t
configure:4208: gcc -c -g -O2  conftest.c >&5
configure:4208: $? = 0
configure:4208: result: yes
configure:4226: checking vfork.h usability
configure:4226: gcc -c -g -O2  conftest.c >&5
conftest.c:61:10: fatal error: vfork.h: No such file or directory
 #include <vfork.h>
          ^~~~~~~~~
compilation terminated.
configure:4226: $? = 1
configure: failed program was:
| /* confdefs.h */
| #define PACKAGE_NAME "mochad"
| #define PACKAGE_TARNAME "mochad"
| #define PACKAGE_VERSION "0.1.16"
| #define PACKAGE_STRING "mochad 0.1.16"
| #define PACKAGE_BUGREPORT "mmauka@users.sourceforge.net"
| #define PACKAGE_URL ""
| #define PACKAGE "mochad"
| #define VERSION "0.1.16"
| #define STDC_HEADERS 1
| #define HAVE_SYS_TYPES_H 1
| #define HAVE_SYS_STAT_H 1
| #define HAVE_STDLIB_H 1
| #define HAVE_STRING_H 1
| #define HAVE_MEMORY_H 1
| #define HAVE_STRINGS_H 1
| #define HAVE_INTTYPES_H 1
| #define HAVE_STDINT_H 1
| #define HAVE_UNISTD_H 1
| #define HAVE_FCNTL_H 1
| #define HAVE_NETINET_IN_H 1
| #define HAVE_STDLIB_H 1
| #define HAVE_STRING_H 1
| #define HAVE_SYS_SOCKET_H 1
| #define HAVE_SYSLOG_H 1
| #define HAVE_UNISTD_H 1
| /* end confdefs.h.  */
| #include <stdio.h>
| #ifdef HAVE_SYS_TYPES_H
| # include <sys/types.h>
| #endif
| #ifdef HAVE_SYS_STAT_H
| # include <sys/stat.h>
| #endif
| #ifdef STDC_HEADERS
| # include <stdlib.h>
| # include <stddef.h>
| #else
| # ifdef HAVE_STDLIB_H
| #  include <stdlib.h>
| # endif
| #endif
| #ifdef HAVE_STRING_H
| # if !defined STDC_HEADERS && defined HAVE_MEMORY_H
| #  include <memory.h>
| # endif
| # include <string.h>
| #endif
| #ifdef HAVE_STRINGS_H
| # include <strings.h>
| #endif
| #ifdef HAVE_INTTYPES_H
| # include <inttypes.h>
| #endif
| #ifdef HAVE_STDINT_H
| # include <stdint.h>
| #endif
| #ifdef HAVE_UNISTD_H
| # include <unistd.h>
| #endif
| #include <vfork.h>
configure:4226: result: no
configure:4226: checking vfork.h presence
configure:4226: gcc -E  conftest.c
conftest.c:28:10: fatal error: vfork.h: No such file or directory
 #include <vfork.h>
          ^~~~~~~~~
compilation terminated.
configure:4226: $? = 1
configure: failed program was:
| /* confdefs.h */
| #define PACKAGE_NAME "mochad"
| #define PACKAGE_TARNAME "mochad"
| #define PACKAGE_VERSION "0.1.16"
| #define PACKAGE_STRING "mochad 0.1.16"
| #define PACKAGE_BUGREPORT "mmauka@users.sourceforge.net"
| #define PACKAGE_URL ""
| #define PACKAGE "mochad"
| #define VERSION "0.1.16"
| #define STDC_HEADERS 1
| #define HAVE_SYS_TYPES_H 1
| #define HAVE_SYS_STAT_H 1
| #define HAVE_STDLIB_H 1
| #define HAVE_STRING_H 1
| #define HAVE_MEMORY_H 1
| #define HAVE_STRINGS_H 1
| #define HAVE_INTTYPES_H 1
| #define HAVE_STDINT_H 1
| #define HAVE_UNISTD_H 1
| #define HAVE_FCNTL_H 1
| #define HAVE_NETINET_IN_H 1
| #define HAVE_STDLIB_H 1
| #define HAVE_STRING_H 1
| #define HAVE_SYS_SOCKET_H 1
| #define HAVE_SYSLOG_H 1
| #define HAVE_UNISTD_H 1
| /* end confdefs.h.  */
| #include <vfork.h>
configure:4226: result: no
configure:4226: checking for vfork.h
configure:4226: result: no
configure:4239: checking for fork
configure:4239: gcc -o conftest -g -O2   conftest.c -lusb-1.0  >&5
conftest.c:51:6: warning: conflicting types for built-in function 'fork' [-Wbuiltin-declaration-mismatch]
 char fork ();
      ^~~~
configure:4239: $? = 0
configure:4239: result: yes
configure:4239: checking for vfork
configure:4239: gcc -o conftest -g -O2   conftest.c -lusb-1.0  >&5
configure:4239: $? = 0
configure:4239: result: yes
configure:4250: checking for working fork
configure:4272: gcc -o conftest -g -O2   conftest.c -lusb-1.0  >&5
configure:4272: $? = 0
configure:4272: ./conftest
configure:4272: $? = 0
configure:4282: result: yes
configure:4303: checking for working vfork
configure:4413: result: yes
configure:4440: checking for stdlib.h
configure:4440: result: yes
configure:4450: checking for GNU libc compatible malloc
configure:4474: gcc -o conftest -g -O2   conftest.c -lusb-1.0  >&5
configure:4474: $? = 0
configure:4474: ./conftest
configure:4474: $? = 0
configure:4484: result: yes
configure:4508: checking for alarm
configure:4508: gcc -o conftest -g -O2   conftest.c -lusb-1.0  >&5
configure:4508: $? = 0
configure:4508: result: yes
configure:4508: checking for memset
configure:4508: gcc -o conftest -g -O2   conftest.c -lusb-1.0  >&5
conftest.c:58:6: warning: conflicting types for built-in function 'memset' [-Wbuiltin-declaration-mismatch]
 char memset ();
      ^~~~~~
configure:4508: $? = 0
configure:4508: result: yes
configure:4508: checking for select
configure:4508: gcc -o conftest -g -O2   conftest.c -lusb-1.0  >&5
configure:4508: $? = 0
configure:4508: result: yes
configure:4508: checking for socket
configure:4508: gcc -o conftest -g -O2   conftest.c -lusb-1.0  >&5
configure:4508: $? = 0
configure:4508: result: yes
configure:4508: checking for strerror
configure:4508: gcc -o conftest -g -O2   conftest.c -lusb-1.0  >&5
configure:4508: $? = 0
configure:4508: result: yes
configure:4508: checking for strtol
configure:4508: gcc -o conftest -g -O2   conftest.c -lusb-1.0  >&5
configure:4508: $? = 0
configure:4508: result: yes
configure:4508: checking for strtoul
configure:4508: gcc -o conftest -g -O2   conftest.c -lusb-1.0  >&5
configure:4508: $? = 0
configure:4508: result: yes
configure:4667: creating ./config.status

## ---------------------- ##
## Running config.status. ##
## ---------------------- ##

This file was extended by mochad config.status 0.1.16, which was
generated by GNU Autoconf 2.65.  Invocation command line was

  CONFIG_FILES    = 
  CONFIG_HEADERS  = 
  CONFIG_LINKS    = 
  CONFIG_COMMANDS = 
  $ ./config.status 

on vert

config.status:773: creating Makefile
config.status:936: executing depfiles commands

## ---------------- ##
## Cache variables. ##
## ---------------- ##

ac_cv_c_compiler_gnu=yes
ac_cv_c_uint16_t=yes
ac_cv_c_uint8_t=yes
ac_cv_env_CC_set=
ac_cv_env_CC_value=
ac_cv_env_CFLAGS_set=
ac_cv_env_CFLAGS_value=
ac_cv_env_CPPFLAGS_set=
ac_cv_env_CPPFLAGS_value=
ac_cv_env_CPP_set=
ac_cv_env_CPP_value=
ac_cv_env_LDFLAGS_set=
ac_cv_env_LDFLAGS_value=
ac_cv_env_LIBS_set=
ac_cv_env_LIBS_value=
ac_cv_env_build_alias_set=
ac_cv_env_build_alias_value=
ac_cv_env_host_alias_set=
ac_cv_env_host_alias_value=
ac_cv_env_target_alias_set=
ac_cv_env_target_alias_value=
ac_cv_func_alarm=yes
ac_cv_func_fork=yes
ac_cv_func_fork_works=yes
ac_cv_func_malloc_0_nonnull=yes
ac_cv_func_memset=yes
ac_cv_func_select=yes
ac_cv_func_socket=yes
ac_cv_func_strerror=yes
ac_cv_func_strtol=yes
ac_cv_func_strtoul=yes
ac_cv_func_vfork=yes
ac_cv_func_vfork_works=yes
ac_cv_header_fcntl_h=yes
ac_cv_header_inttypes_h=yes
ac_cv_header_memory_h=yes
ac_cv_header_netinet_in_h=yes
ac_cv_header_stdc=yes
ac_cv_header_stdint_h=yes
ac_cv_header_stdlib_h=yes
ac_cv_header_string_h=yes
ac_cv_header_strings_h=yes
ac_cv_header_sys_socket_h=yes
ac_cv_header_sys_stat_h=yes
ac_cv_header_sys_types_h=yes
ac_cv_header_syslog_h=yes
ac_cv_header_unistd_h=yes
ac_cv_header_vfork_h=no
ac_cv_objext=o
ac_cv_path_EGREP='/bin/grep -E'
ac_cv_path_GREP=/bin/grep
ac_cv_path_install='/usr/bin/install -c'
ac_cv_path_mkdir=/bin/mkdir
ac_cv_prog_AWK=mawk
ac_cv_prog_CPP='gcc -E'
ac_cv_prog_ac_ct_CC=gcc
ac_cv_prog_cc_c89=
ac_cv_prog_cc_g=yes
ac_cv_prog_make_make_set=yes
ac_cv_search_libusb_init=-lusb-1.0
ac_cv_type_pid_t=yes
ac_cv_type_size_t=yes
am_cv_CC_dependencies_compiler_type=gcc3

## ----------------- ##
## Output variables. ##
## ----------------- ##

ACLOCAL='${SHELL} /home/pi/greenhouse/mochad-0.1.16/missing --run aclocal-1.11'
AMDEPBACKSLASH='\'
AMDEP_FALSE='#'
AMDEP_TRUE=''
AMTAR='${SHELL} /home/pi/greenhouse/mochad-0.1.16/missing --run tar'
AUTOCONF='${SHELL} /home/pi/greenhouse/mochad-0.1.16/missing --run autoconf'
AUTOHEADER='${SHELL} /home/pi/greenhouse/mochad-0.1.16/missing --run autoheader'
AUTOMAKE='${SHELL} /home/pi/greenhouse/mochad-0.1.16/missing --run automake-1.11'
AWK='mawk'
CC='gcc'
CCDEPMODE='depmode=gcc3'
CFLAGS='-g -O2'
CPP='gcc -E'
CPPFLAGS=''
CYGPATH_W='echo'
DEFS='-DPACKAGE_NAME=\"mochad\" -DPACKAGE_TARNAME=\"mochad\" -DPACKAGE_VERSION=\"0.1.16\" -DPACKAGE_STRING=\"mochad\ 0.1.16\" -DPACKAGE_BUGREPORT=\"mmauka@users.sourceforge.net\" -DPACKAGE_URL=\"\" -DPACKAGE=\"mochad\" -DVERSION=\"0.1.16\" -DSTDC_HEADERS=1 -DHAVE_SYS_TYPES_H=1 -DHAVE_SYS_STAT_H=1 -DHAVE_STDLIB_H=1 -DHAVE_STRING_H=1 -DHAVE_MEMORY_H=1 -DHAVE_STRINGS_H=1 -DHAVE_INTTYPES_H=1 -DHAVE_STDINT_H=1 -DHAVE_UNISTD_H=1 -DHAVE_FCNTL_H=1 -DHAVE_NETINET_IN_H=1 -DHAVE_STDLIB_H=1 -DHAVE_STRING_H=1 -DHAVE_SYS_SOCKET_H=1 -DHAVE_SYSLOG_H=1 -DHAVE_UNISTD_H=1 -DHAVE_FORK=1 -DHAVE_VFORK=1 -DHAVE_WORKING_VFORK=1 -DHAVE_WORKING_FORK=1 -DHAVE_STDLIB_H=1 -DHAVE_MALLOC=1 -DHAVE_ALARM=1 -DHAVE_MEMSET=1 -DHAVE_SELECT=1 -DHAVE_SOCKET=1 -DHAVE_STRERROR=1 -DHAVE_STRTOL=1 -DHAVE_STRTOUL=1'
DEPDIR='.deps'
ECHO_C=''
ECHO_N='-n'
ECHO_T=''
EGREP='/bin/grep -E'
EXEEXT=''
GREP='/bin/grep'
INSTALL_DATA='${INSTALL} -m 644'
INSTALL_PROGRAM='${INSTALL}'
INSTALL_SCRIPT='${INSTALL}'
INSTALL_STRIP_PROGRAM='$(install_sh) -c -s'
LDFLAGS=''
LIBOBJS=''
LIBS='-lusb-1.0 '
LTLIBOBJS=''
MAKEINFO='${SHELL} /home/pi/greenhouse/mochad-0.1.16/missing --run makeinfo'
MKDIR_P='/bin/mkdir -p'
OBJEXT='o'
PACKAGE='mochad'
PACKAGE_BUGREPORT='mmauka@users.sourceforge.net'
PACKAGE_NAME='mochad'
PACKAGE_STRING='mochad 0.1.16'
PACKAGE_TARNAME='mochad'
PACKAGE_URL=''
PACKAGE_VERSION='0.1.16'
PATH_SEPARATOR=':'
SET_MAKE=''
SHELL='/bin/bash'
STRIP=''
VERSION='0.1.16'
ac_ct_CC='gcc'
am__EXEEXT_FALSE=''
am__EXEEXT_TRUE='#'
am__fastdepCC_FALSE='#'
am__fastdepCC_TRUE=''
am__include='include'
am__isrc=''
am__leading_dot='.'
am__quote=''
am__tar='${AMTAR} chof - "$$tardir"'
am__untar='${AMTAR} xf -'
bindir='${exec_prefix}/bin'
build_alias=''
datadir='${datarootdir}'
datarootdir='${prefix}/share'
docdir='${datarootdir}/doc/${PACKAGE_TARNAME}'
dvidir='${docdir}'
exec_prefix='${prefix}'
host_alias=''
htmldir='${docdir}'
includedir='${prefix}/include'
infodir='${datarootdir}/info'
install_sh='${SHELL} /home/pi/greenhouse/mochad-0.1.16/install-sh'
libdir='${exec_prefix}/lib'
libexecdir='${exec_prefix}/libexec'
localedir='${datarootdir}/locale'
localstatedir='${prefix}/var'
mandir='${datarootdir}/man'
mkdir_p='/bin/mkdir -p'
oldincludedir='/usr/include'
pdfdir='${docdir}'
prefix='/usr/local'
program_transform_name='s,x,x,'
psdir='${docdir}'
sbindir='${exec_prefix}/sbin'
sharedstatedir='${prefix}/com'
sysconfdir='${prefix}/etc'
target_alias=''

## ----------- ##
## confdefs.h. ##
## ----------- ##

/* confdefs.h */
#define PACKAGE_NAME "mochad"
#define PACKAGE_TARNAME "mochad"
#define PACKAGE_VERSION "0.1.16"
#define PACKAGE_STRING "mochad 0.1.16"
#define PACKAGE_BUGREPORT "mmauka@users.sourceforge.net"
#define PACKAGE_URL ""
#define PACKAGE "mochad"
#define VERSION "0.1.16"
#define STDC_HEADERS 1
#define HAVE_SYS_TYPES_H 1
#define HAVE_SYS_STAT_H 1
#define HAVE_STDLIB_H 1
#define HAVE_STRING_H 1
#define HAVE_MEMORY_H 1
#define HAVE_STRINGS_H 1
#define HAVE_INTTYPES_H 1
#define HAVE_STDINT_H 1
#define HAVE_UNISTD_H 1
#define HAVE_FCNTL_H 1
#define HAVE_NETINET_IN_H 1
#define HAVE_STDLIB_H 1
#define HAVE_STRING_H 1
#define HAVE_SYS_SOCKET_H 1
#define HAVE_SYSLOG_H 1
#define HAVE_UNISTD_H 1
#define HAVE_FORK 1
#define HAVE_VFORK 1
#define HAVE_WORKING_VFORK 1
#define HAVE_WORKING_FORK 1
#define HAVE_STDLIB_H 1
#define HAVE_MALLOC 1
#define HAVE_ALARM 1
#define HAVE_MEMSET 1
#define HAVE_SELECT 1
#define HAVE_SOCKET 1
#define HAVE_STRERROR 1
#define HAVE_STRTOL 1
#define HAVE_STRTOUL 1

configure: exit 0
